<?xml version="1.0" encoding="UTF-8"?>
<testsuite xmlns:xsi="http://www.w3.org/2001/XMLSchema-instance" xsi:noNamespaceSchemaLocation="https://maven.apache.org/surefire/maven-surefire-plugin/xsd/surefire-test-report.xsd" name="com.mycompany.app.AppTest" time="0.112" tests="1" errors="0" skipped="0" failures="0">
  <properties>
    <property name="java.specification.version" value="15"/>
    <property name="sun.cpu.isalist" value="amd64"/>
    <property name="sun.jnu.encoding" value="Cp1251"/>
    <property name="java.class.path" value="A:\Projects\java_test_task\my-app\target\test-classes;A:\Projects\java_test_task\my-app\target\classes;C:\Users\nikita\.m2\repository\junit\junit\4.11\junit-4.11.jar;C:\Users\nikita\.m2\repository\org\hamcrest\hamcrest-core\1.3\hamcrest-core-1.3.jar;"/>
    <property name="java.vm.vendor" value="Oracle Corporation"/>
    <property name="sun.arch.data.model" value="64"/>
    <property name="user.variant" value=""/>
    <property name="java.vendor.url" value="https://java.oracle.com/"/>
    <property name="user.timezone" value="Europe/Moscow"/>
    <property name="user.country.format" value="BY"/>
    <property name="os.name" value="Windows 10"/>
    <property name="java.vm.specification.version" value="15"/>
    <property name="sun.java.launcher" value="SUN_STANDARD"/>
    <property name="user.country" value="RU"/>
    <property name="sun.boot.library.path" value="A:\JDK\bin"/>
    <property name="sun.java.command" value="C:\Users\nikita\AppData\Local\Temp\surefire222393701013159049\surefirebooter13010174861326362247.jar C:\Users\nikita\AppData\Local\Temp\surefire222393701013159049 2021-02-09T13-33-23_925-jvmRun1 surefire17752092709436247624tmp surefire_02601287489045559914tmp"/>
    <property name="jdk.debug" value="release"/>
    <property name="surefire.test.class.path" value="A:\Projects\java_test_task\my-app\target\test-classes;A:\Projects\java_test_task\my-app\target\classes;C:\Users\nikita\.m2\repository\junit\junit\4.11\junit-4.11.jar;C:\Users\nikita\.m2\repository\org\hamcrest\hamcrest-core\1.3\hamcrest-core-1.3.jar;"/>
    <property name="sun.cpu.endian" value="little"/>
    <property name="user.home" value="C:\Users\nikita"/>
    <property name="user.language" value="ru"/>
    <property name="java.specification.vendor" value="Oracle Corporation"/>
    <property name="java.version.date" value="2021-01-19"/>
    <property name="java.home" value="A:\JDK"/>
    <property name="file.separator" value="\"/>
    <property name="basedir" value="A:\Projects\java_test_task\my-app"/>
    <property name="java.vm.compressedOopsMode" value="32-bit"/>
    <property name="line.separator" value="&#10;"/>
    <property name="java.vm.specification.vendor" value="Oracle Corporation"/>
    <property name="java.specification.name" value="Java Platform API Specification"/>
    <property name="surefire.real.class.path" value="C:\Users\nikita\AppData\Local\Temp\surefire222393701013159049\surefirebooter13010174861326362247.jar"/>
    <property name="user.script" value=""/>
    <property name="sun.management.compiler" value="HotSpot 64-Bit Tiered Compilers"/>
    <property name="java.runtime.version" value="15.0.2+7-27"/>
    <property name="user.name" value="Nikita"/>
    <property name="path.separator" value=";"/>
    <property name="os.version" value="10.0"/>
    <property name="java.runtime.name" value="Java(TM) SE Runtime Environment"/>
    <property name="file.encoding" value="Cp1251"/>
    <property name="java.vm.name" value="Java HotSpot(TM) 64-Bit Server VM"/>
    <property name="localRepository" value="C:\Users\nikita\.m2\repository"/>
    <property name="java.vendor.url.bug" value="https://bugreport.java.com/bugreport/"/>
    <property name="java.io.tmpdir" value="C:\Users\nikita\AppData\Local\Temp\"/>
    <property name="java.version" value="15.0.2"/>
    <property name="user.dir" value="A:\Projects\java_test_task\my-app"/>
    <property name="os.arch" value="amd64"/>
    <property name="java.vm.specification.name" value="Java Virtual Machine Specification"/>
    <property name="sun.os.patch.level" value=""/>
    <property name="java.library.path" value="A:\JDK\bin;C:\Windows\Sun\Java\bin;C:\Windows\system32;C:\Windows;C:\Program Files\Common Files\Oracle\Java\javapath;C:\Windows\system32;C:\Windows;C:\Windows\System32\Wbem;C:\Windows\System32\WindowsPowerShell\v1.0\;C:\Windows\System32\OpenSSH\;A:\xampp\php;A:\Brackets\command;C:\Program Files\Microsoft SQL Server\130\Tools\Binn\;C:\Program Files\Microsoft SQL Server\Client SDK\ODBC\170\Tools\Binn\;C:\Program Files\dotnet\;A:\nodejs\;C:\Program Files\NVIDIA Corporation\NVIDIA NvDLISR;C:\Program Files (x86)\NVIDIA Corporation\PhysX\Common;A:\PostgreSQL\bin;A:\Git\cmd;A:\Maven\bin;C:\Users\nikita\AppData\Local\Microsoft\WindowsApps;A:\Microsoft VS Code\bin;C:\Users\nikita\AppData\Local\GitHubDesktop\bin;C:\Users\nikita\AppData\Roaming\npm;A:\ffmpeg\bin;C:\Program Files\heroku\bin;."/>
    <property name="java.vm.info" value="mixed mode, sharing"/>
    <property name="java.vendor" value="Oracle Corporation"/>
    <property name="java.vm.version" value="15.0.2+7-27"/>
    <property name="sun.io.unicode.encoding" value="UnicodeLittle"/>
    <property name="java.class.version" value="59.0"/>
  </properties>
  <testcase name="shouldAnswerWithTrue" classname="com.mycompany.app.AppTest" time="0.003"/>
</testsuite>